<?xml version="1.0" encoding="UTF-8"?>
<testng-results ignored="0" total="1" passed="1" failed="0" skipped="0">
  <reporter-output>
    <line>
      <![CDATA[Stock-000000837     Stock-000000837]]>
    </line>
  </reporter-output>
  <suite started-at="2024-03-05T17:35:33 IST" name="Surefire suite" finished-at="2024-03-05T17:35:51 IST" duration-ms="18343">
    <groups>
    </groups>
    <test started-at="2024-03-05T17:35:33 IST" name="Surefire test" finished-at="2024-03-05T17:35:51 IST" duration-ms="18343">
      <class name="driverFactory.AppTest">
        <test-method signature="kickStart()[pri:0, instance:driverFactory.AppTest@37918c79]" started-at="2024-03-05T17:35:33 IST" name="kickStart" finished-at="2024-03-05T17:35:51 IST" duration-ms="18315" status="PASS">
          <reporter-output>
            <line>
              <![CDATA[Stock-000000837     Stock-000000837]]>
            </line>
          </reporter-output>
        </test-method> <!-- kickStart -->
      </class> <!-- driverFactory.AppTest -->
    </test> <!-- Surefire test -->
  </suite> <!-- Surefire suite -->
</testng-results>
