<?xml version="1.0" encoding="UTF-8"?>
<testng-results ignored="0" total="1" passed="1" failed="0" skipped="0">
  <reporter-output>
    <line>
      <![CDATA[Stock-000000831     Stock-000000831]]>
    </line>
  </reporter-output>
  <suite started-at="2024-03-05T12:51:11 IST" name="Default suite" finished-at="2024-03-05T12:51:41 IST" duration-ms="29746">
    <groups>
    </groups>
    <test started-at="2024-03-05T12:51:11 IST" name="Default test" finished-at="2024-03-05T12:51:41 IST" duration-ms="29746">
      <class name="driverFactory.DriverScript">
        <test-method signature="startTest()[pri:0, instance:driverFactory.DriverScript@689604d9]" started-at="2024-03-05T12:51:11 IST" name="startTest" finished-at="2024-03-05T12:51:41 IST" duration-ms="29713" status="PASS">
          <reporter-output>
            <line>
              <![CDATA[Stock-000000831     Stock-000000831]]>
            </line>
          </reporter-output>
        </test-method> <!-- startTest -->
      </class> <!-- driverFactory.DriverScript -->
    </test> <!-- Default test -->
  </suite> <!-- Default suite -->
</testng-results>
